# JRE version: Java(TM) SE Runtime Environment (8.0_111-b14) (build 1.8.0_111-b14)
# Java VM: Java HotSpot(TM) 64-Bit Server VM (25.111-b14 mixed mode windows-amd64 compressed oops)
Heap:
 PSYoungGen      total 1013248K, used 780308K [0x0000000781800000, 0x00000007c0000000, 0x00000007c0000000)
  eden space 1002496K, 77% used [0x0000000781800000,0x00000007b0ba52f8,0x00000007beb00000)
  from space 10752K, 60% used [0x00000007beb00000,0x00000007bf160000,0x00000007bf580000)
  to   space 10240K, 0% used [0x00000007bf600000,0x00000007bf600000,0x00000007c0000000)
 ParOldGen       total 2048000K, used 325061K [0x0000000704800000, 0x0000000781800000, 0x0000000781800000)
  object space 2048000K, 15% used [0x0000000704800000,0x0000000718571768,0x0000000781800000)
 Metaspace       used 4570K, capacity 5132K, committed 5376K, reserved 1056768K
  class space    used 444K, capacity 500K, committed 512K, reserved 1048576K
GC Heap History (10 events):
Event: 18.331 GC heap before
{Heap before GC invocations=55 (full 6):
 PSYoungGen      total 1011712K, used 1005952K [0x0000000781800000, 0x00000007c0000000, 0x00000007c0000000)
  eden space 999424K, 100% used [0x0000000781800000,0x00000007be800000,0x00000007be800000)
  from space 12288K, 53% used [0x00000007bf400000,0x00000007bfa60000,0x00000007c0000000)
  to   space 12288K, 0% used [0x00000007be800000,0x00000007be800000,0x00000007bf400000)
 ParOldGen       total 2048000K, used 292645K [0x0000000704800000, 0x0000000781800000, 0x0000000781800000)
  object space 2048000K, 14% used [0x0000000704800000,0x00000007165c9768,0x0000000781800000)
 Metaspace       used 4059K, capacity 4804K, committed 5120K, reserved 1056768K
  class space    used 419K, capacity 432K, committed 512K, reserved 1048576K
Event: 18.357 GC heap after
Heap after GC invocations=55 (full 6):
 PSYoungGen      total 1011712K, used 6496K [0x0000000781800000, 0x00000007c0000000, 0x00000007c0000000)
  eden space 999424K, 0% used [0x0000000781800000,0x0000000781800000,0x00000007be800000)
  from space 12288K, 52% used [0x00000007be800000,0x00000007bee58000,0x00000007bf400000)
  to   space 11776K, 0% used [0x00000007bf480000,0x00000007bf480000,0x00000007c0000000)
 ParOldGen       total 2048000K, used 299117K [0x0000000704800000, 0x0000000781800000, 0x0000000781800000)
  object space 2048000K, 14% used [0x0000000704800000,0x0000000716c1b768,0x0000000781800000)
 Metaspace       used 4059K, capacity 4804K, committed 5120K, reserved 1056768K
  class space    used 419K, capacity 432K, committed 512K, reserved 1048576K
}
Event: 18.869 GC heap before
{Heap before GC invocations=56 (full 6):
 PSYoungGen      total 1011712K, used 1005920K [0x0000000781800000, 0x00000007c0000000, 0x00000007c0000000)
  eden space 999424K, 100% used [0x0000000781800000,0x00000007be800000,0x00000007be800000)
  from space 12288K, 52% used [0x00000007be800000,0x00000007bee58000,0x00000007bf400000)
  to   space 11776K, 0% used [0x00000007bf480000,0x00000007bf480000,0x00000007c0000000)
 ParOldGen       total 2048000K, used 299117K [0x0000000704800000, 0x0000000781800000, 0x0000000781800000)
  object space 2048000K, 14% used [0x0000000704800000,0x0000000716c1b768,0x0000000781800000)
 Metaspace       used 4059K, capacity 4804K, committed 5120K, reserved 1056768K
  class space    used 419K, capacity 432K, committed 512K, reserved 1048576K
Event: 18.894 GC heap after
Heap after GC invocations=56 (full 6):
 PSYoungGen      total 1012736K, used 6528K [0x0000000781800000, 0x00000007c0000000, 0x00000007c0000000)
  eden space 1000960K, 0% used [0x0000000781800000,0x0000000781800000,0x00000007be980000)
  from space 11776K, 55% used [0x00000007bf480000,0x00000007bfae0000,0x00000007c0000000)
  to   space 11264K, 0% used [0x00000007be980000,0x00000007be980000,0x00000007bf480000)
 ParOldGen       total 2048000K, used 305589K [0x0000000704800000, 0x0000000781800000, 0x0000000781800000)
  object space 2048000K, 14% used [0x0000000704800000,0x000000071726d768,0x0000000781800000)
 Metaspace       used 4059K, capacity 4804K, committed 5120K, reserved 1056768K
  class space    used 419K, capacity 432K, committed 512K, reserved 1048576K
}
Event: 19.396 GC heap before
{Heap before GC invocations=57 (full 6):
 PSYoungGen      total 1012736K, used 1007488K [0x0000000781800000, 0x00000007c0000000, 0x00000007c0000000)
  eden space 1000960K, 100% used [0x0000000781800000,0x00000007be980000,0x00000007be980000)
  from space 11776K, 55% used [0x00000007bf480000,0x00000007bfae0000,0x00000007c0000000)
  to   space 11264K, 0% used [0x00000007be980000,0x00000007be980000,0x00000007bf480000)
 ParOldGen       total 2048000K, used 305589K [0x0000000704800000, 0x0000000781800000, 0x0000000781800000)
  object space 2048000K, 14% used [0x0000000704800000,0x000000071726d768,0x0000000781800000)
 Metaspace       used 4059K, capacity 4804K, committed 5120K, reserved 1056768K
  class space    used 419K, capacity 432K, committed 512K, reserved 1048576K
Event: 19.422 GC heap after
Heap after GC invocations=57 (full 6):
 PSYoungGen      total 1012224K, used 6528K [0x0000000781800000, 0x00000007c0000000, 0x00000007c0000000)
  eden space 1000960K, 0% used [0x0000000781800000,0x0000000781800000,0x00000007be980000)
  from space 11264K, 57% used [0x00000007be980000,0x00000007befe0000,0x00000007bf480000)
  to   space 10752K, 0% used [0x00000007bf580000,0x00000007bf580000,0x00000007c0000000)
 ParOldGen       total 2048000K, used 312069K [0x0000000704800000, 0x0000000781800000, 0x0000000781800000)
  object space 2048000K, 15% used [0x0000000704800000,0x00000007178c1768,0x0000000781800000)
 Metaspace       used 4059K, capacity 4804K, committed 5120K, reserved 1056768K
  class space    used 419K, capacity 432K, committed 512K, reserved 1048576K
}
Event: 19.933 GC heap before
{Heap before GC invocations=58 (full 6):
 PSYoungGen      total 1012224K, used 1007488K [0x0000000781800000, 0x00000007c0000000, 0x00000007c0000000)
  eden space 1000960K, 100% used [0x0000000781800000,0x00000007be980000,0x00000007be980000)
  from space 11264K, 57% used [0x00000007be980000,0x00000007befe0000,0x00000007bf480000)
  to   space 10752K, 0% used [0x00000007bf580000,0x00000007bf580000,0x00000007c0000000)
 ParOldGen       total 2048000K, used 312069K [0x0000000704800000, 0x0000000781800000, 0x0000000781800000)
  object space 2048000K, 15% used [0x0000000704800000,0x00000007178c1768,0x0000000781800000)
 Metaspace       used 4059K, capacity 4804K, committed 5120K, reserved 1056768K
  class space    used 419K, capacity 432K, committed 512K, reserved 1048576K
Event: 19.959 GC heap after
Heap after GC invocations=58 (full 6):
 PSYoungGen      total 1013248K, used 6528K [0x0000000781800000, 0x00000007c0000000, 0x00000007c0000000)
  eden space 1002496K, 0% used [0x0000000781800000,0x0000000781800000,0x00000007beb00000)
  from space 10752K, 60% used [0x00000007bf580000,0x00000007bfbe0000,0x00000007c0000000)
  to   space 10752K, 0% used [0x00000007beb00000,0x00000007beb00000,0x00000007bf580000)
 ParOldGen       total 2048000K, used 318565K [0x0000000704800000, 0x0000000781800000, 0x0000000781800000)
  object space 2048000K, 15% used [0x0000000704800000,0x0000000717f19768,0x0000000781800000)
 Metaspace       used 4059K, capacity 4804K, committed 5120K, reserved 1056768K
  class space    used 419K, capacity 432K, committed 512K, reserved 1048576K
}
Event: 20.462 GC heap before
{Heap before GC invocations=59 (full 6):
 PSYoungGen      total 1013248K, used 1009024K [0x0000000781800000, 0x00000007c0000000, 0x00000007c0000000)
  eden space 1002496K, 100% used [0x0000000781800000,0x00000007beb00000,0x00000007beb00000)
  from space 10752K, 60% used [0x00000007bf580000,0x00000007bfbe0000,0x00000007c0000000)
  to   space 10752K, 0% used [0x00000007beb00000,0x00000007beb00000,0x00000007bf580000)
 ParOldGen       total 2048000K, used 318565K [0x0000000704800000, 0x0000000781800000, 0x0000000781800000)
  object space 2048000K, 15% used [0x0000000704800000,0x0000000717f19768,0x0000000781800000)
 Metaspace       used 4059K, capacity 4804K, committed 5120K, reserved 1056768K
  class space    used 419K, capacity 432K, committed 512K, reserved 1048576K
Event: 20.488 GC heap after
Heap after GC invocations=59 (full 6):
 PSYoungGen      total 1013248K, used 6528K [0x0000000781800000, 0x00000007c0000000, 0x00000007c0000000)
  eden space 1002496K, 0% used [0x0000000781800000,0x0000000781800000,0x00000007beb00000)
  from space 10752K, 60% used [0x00000007beb00000,0x00000007bf160000,0x00000007bf580000)
  to   space 10240K, 0% used [0x00000007bf600000,0x00000007bf600000,0x00000007c0000000)
 ParOldGen       total 2048000K, used 325061K [0x0000000704800000, 0x0000000781800000, 0x0000000781800000)
  object space 2048000K, 15% used [0x0000000704800000,0x0000000718571768,0x0000000781800000)
 Metaspace       used 4059K, capacity 4804K, committed 5120K, reserved 1056768K
  class space    used 419K, capacity 432K, committed 512K, reserved 1048576K
}

