# JRE version: Java(TM) SE Runtime Environment (8.0_65-b17) (build 1.8.0_65-b17)
# Java VM: Java HotSpot(TM) 64-Bit Server VM (25.65-b01 mixed mode windows-amd64 compressed oops)
Heap:
 PSYoungGen      total 571904K, used 562578K [0x00000000d6180000, 0x0000000100000000, 0x0000000100000000)
  eden space 480768K, 100% used [0x00000000d6180000,0x00000000f3700000,0x00000000f3700000)
  from space 91136K, 89% used [0x00000000fa700000,0x00000000ff6e4808,0x0000000100000000)
  to   space 102912K, 99% used [0x00000000f3700000,0x00000000f9b78b68,0x00000000f9b80000)
 ParOldGen       total 408576K, used 408572K [0x0000000082400000, 0x000000009b300000, 0x00000000d6180000)
  object space 408576K, 99% used [0x0000000082400000,0x000000009b2ff198,0x000000009b300000)
 Metaspace       used 3824K, capacity 4764K, committed 5120K, reserved 1056768K
  class space    used 387K, capacity 392K, committed 512K, reserved 1048576K
GC Heap History (10 events):
Event: 47.031 GC heap after
Heap after GC invocations=28 (full 8):
 PSYoungGen      total 611328K, used 32252K [0x00000000d6180000, 0x0000000100000000, 0x0000000100000000)
  eden space 559616K, 0% used [0x00000000d6180000,0x00000000d6180000,0x00000000f8400000)
  from space 51712K, 62% used [0x00000000fcd80000,0x00000000fecff038,0x0000000100000000)
  to   space 63488K, 0% used [0x00000000f8400000,0x00000000f8400000,0x00000000fc200000)
 ParOldGen       total 312832K, used 179280K [0x0000000082400000, 0x0000000095580000, 0x00000000d6180000)
  object space 312832K, 57% used [0x0000000082400000,0x000000008d314188,0x0000000095580000)
 Metaspace       used 3177K, capacity 4694K, committed 4864K, reserved 1056768K
  class space    used 316K, capacity 390K, committed 512K, reserved 1048576K
}
Event: 54.810 GC heap before
{Heap before GC invocations=29 (full 8):
 PSYoungGen      total 611328K, used 591868K [0x00000000d6180000, 0x0000000100000000, 0x0000000100000000)
  eden space 559616K, 100% used [0x00000000d6180000,0x00000000f8400000,0x00000000f8400000)
  from space 51712K, 62% used [0x00000000fcd80000,0x00000000fecff038,0x0000000100000000)
  to   space 63488K, 0% used [0x00000000f8400000,0x00000000f8400000,0x00000000fc200000)
 ParOldGen       total 312832K, used 179280K [0x0000000082400000, 0x0000000095580000, 0x00000000d6180000)
  object space 312832K, 57% used [0x0000000082400000,0x000000008d314188,0x0000000095580000)
 Metaspace       used 3177K, capacity 4694K, committed 4864K, reserved 1056768K
  class space    used 316K, capacity 390K, committed 512K, reserved 1048576K
Event: 54.972 GC heap after
Heap after GC invocations=29 (full 8):
 PSYoungGen      total 619008K, used 59148K [0x00000000d6180000, 0x0000000100000000, 0x0000000100000000)
  eden space 559616K, 0% used [0x00000000d6180000,0x00000000d6180000,0x00000000f8400000)
  from space 59392K, 99% used [0x00000000f8400000,0x00000000fbdc3010,0x00000000fbe00000)
  to   space 67584K, 0% used [0x00000000fbe00000,0x00000000fbe00000,0x0000000100000000)
 ParOldGen       total 312832K, used 179280K [0x0000000082400000, 0x0000000095580000, 0x00000000d6180000)
  object space 312832K, 57% used [0x0000000082400000,0x000000008d314188,0x0000000095580000)
 Metaspace       used 3177K, capacity 4694K, committed 4864K, reserved 1056768K
  class space    used 316K, capacity 390K, committed 512K, reserved 1048576K
}
Event: 58.541 GC heap before
{Heap before GC invocations=30 (full 8):
 PSYoungGen      total 619008K, used 618764K [0x00000000d6180000, 0x0000000100000000, 0x0000000100000000)
  eden space 559616K, 100% used [0x00000000d6180000,0x00000000f8400000,0x00000000f8400000)
  from space 59392K, 99% used [0x00000000f8400000,0x00000000fbdc3010,0x00000000fbe00000)
  to   space 67584K, 0% used [0x00000000fbe00000,0x00000000fbe00000,0x0000000100000000)
 ParOldGen       total 312832K, used 179280K [0x0000000082400000, 0x0000000095580000, 0x00000000d6180000)
  object space 312832K, 57% used [0x0000000082400000,0x000000008d314188,0x0000000095580000)
 Metaspace       used 3177K, capacity 4694K, committed 4864K, reserved 1056768K
  class space    used 316K, capacity 390K, committed 512K, reserved 1048576K
Event: 58.698 GC heap after
Heap after GC invocations=30 (full 8):
 PSYoungGen      total 573952K, used 67564K [0x00000000d6180000, 0x0000000100000000, 0x0000000100000000)
  eden space 506368K, 0% used [0x00000000d6180000,0x00000000d6180000,0x00000000f5000000)
  from space 67584K, 99% used [0x00000000fbe00000,0x00000000ffffb010,0x0000000100000000)
  to   space 90112K, 0% used [0x00000000f5000000,0x00000000f5000000,0x00000000fa800000)
 ParOldGen       total 312832K, used 197512K [0x0000000082400000, 0x0000000095580000, 0x00000000d6180000)
  object space 312832K, 63% used [0x0000000082400000,0x000000008e4e2188,0x0000000095580000)
 Metaspace       used 3177K, capacity 4694K, committed 4864K, reserved 1056768K
  class space    used 316K, capacity 390K, committed 512K, reserved 1048576K
}
Event: 63.309 GC heap before
{Heap before GC invocations=31 (full 8):
 PSYoungGen      total 573952K, used 573932K [0x00000000d6180000, 0x0000000100000000, 0x0000000100000000)
  eden space 506368K, 100% used [0x00000000d6180000,0x00000000f5000000,0x00000000f5000000)
  from space 67584K, 99% used [0x00000000fbe00000,0x00000000ffffb010,0x0000000100000000)
  to   space 90112K, 0% used [0x00000000f5000000,0x00000000f5000000,0x00000000fa800000)
 ParOldGen       total 312832K, used 197512K [0x0000000082400000, 0x0000000095580000, 0x00000000d6180000)
  object space 312832K, 63% used [0x0000000082400000,0x000000008e4e2188,0x0000000095580000)
 Metaspace       used 3177K, capacity 4694K, committed 4864K, reserved 1056768K
  class space    used 316K, capacity 390K, committed 512K, reserved 1048576K
Event: 63.477 GC heap after
Heap after GC invocations=31 (full 8):
 PSYoungGen      total 557568K, used 50912K [0x00000000d6180000, 0x0000000100000000, 0x0000000100000000)
  eden space 506368K, 0% used [0x00000000d6180000,0x00000000d6180000,0x00000000f5000000)
  from space 51200K, 99% used [0x00000000f5000000,0x00000000f81b8000,0x00000000f8200000)
  to   space 91136K, 0% used [0x00000000fa700000,0x00000000fa700000,0x0000000100000000)
 ParOldGen       total 312832K, used 238388K [0x0000000082400000, 0x0000000095580000, 0x00000000d6180000)
  object space 312832K, 76% used [0x0000000082400000,0x0000000090ccd198,0x0000000095580000)
 Metaspace       used 3177K, capacity 4694K, committed 4864K, reserved 1056768K
  class space    used 316K, capacity 390K, committed 512K, reserved 1048576K
}
Event: 71.430 GC heap before
{Heap before GC invocations=32 (full 8):
 PSYoungGen      total 557568K, used 557280K [0x00000000d6180000, 0x0000000100000000, 0x0000000100000000)
  eden space 506368K, 100% used [0x00000000d6180000,0x00000000f5000000,0x00000000f5000000)
  from space 51200K, 99% used [0x00000000f5000000,0x00000000f81b8000,0x00000000f8200000)
  to   space 91136K, 0% used [0x00000000fa700000,0x00000000fa700000,0x0000000100000000)
 ParOldGen       total 312832K, used 238388K [0x0000000082400000, 0x0000000095580000, 0x00000000d6180000)
  object space 312832K, 76% used [0x0000000082400000,0x0000000090ccd198,0x0000000095580000)
 Metaspace       used 3177K, capacity 4694K, committed 4864K, reserved 1056768K
  class space    used 316K, capacity 390K, committed 512K, reserved 1048576K
Event: 71.665 GC heap after
Heap after GC invocations=32 (full 8):
 PSYoungGen      total 571904K, used 81810K [0x00000000d6180000, 0x0000000100000000, 0x0000000100000000)
  eden space 480768K, 0% used [0x00000000d6180000,0x00000000d6180000,0x00000000f3700000)
  from space 91136K, 89% used [0x00000000fa700000,0x00000000ff6e4808,0x0000000100000000)
  to   space 102912K, 0% used [0x00000000f3700000,0x00000000f3700000,0x00000000f9b80000)
 ParOldGen       total 312832K, used 238388K [0x0000000082400000, 0x0000000095580000, 0x00000000d6180000)
  object space 312832K, 76% used [0x0000000082400000,0x0000000090ccd198,0x0000000095580000)
 Metaspace       used 3177K, capacity 4694K, committed 4864K, reserved 1056768K
  class space    used 316K, capacity 390K, committed 512K, reserved 1048576K
}
Event: 78.141 GC heap before
{Heap before GC invocations=33 (full 8):
 PSYoungGen      total 571904K, used 562578K [0x00000000d6180000, 0x0000000100000000, 0x0000000100000000)
  eden space 480768K, 100% used [0x00000000d6180000,0x00000000f3700000,0x00000000f3700000)
  from space 91136K, 89% used [0x00000000fa700000,0x00000000ff6e4808,0x0000000100000000)
  to   space 102912K, 0% used [0x00000000f3700000,0x00000000f3700000,0x00000000f9b80000)
 ParOldGen       total 312832K, used 238388K [0x0000000082400000, 0x0000000095580000, 0x00000000d6180000)
  object space 312832K, 76% used [0x0000000082400000,0x0000000090ccd198,0x0000000095580000)
 Metaspace       used 3824K, capacity 4764K, committed 5120K, reserved 1056768K
  class space    used 387K, capacity 392K, committed 512K, reserved 1048576K

